Traceback (most recent call last):
  File "/opt/hostedtoolcache/Python/3.8.14/x64/lib/python3.8/site-packages/jupyter_cache/executors/utils.py", line 51, in single_nb_execution
    executenb(
  File "/opt/hostedtoolcache/Python/3.8.14/x64/lib/python3.8/site-packages/nbclient/client.py", line 1204, in execute
    return NotebookClient(nb=nb, resources=resources, km=km, **kwargs).execute()
  File "/opt/hostedtoolcache/Python/3.8.14/x64/lib/python3.8/site-packages/nbclient/util.py", line 84, in wrapped
    return just_run(coro(*args, **kwargs))
  File "/opt/hostedtoolcache/Python/3.8.14/x64/lib/python3.8/site-packages/nbclient/util.py", line 62, in just_run
    return loop.run_until_complete(coro)
  File "/opt/hostedtoolcache/Python/3.8.14/x64/lib/python3.8/asyncio/base_events.py", line 616, in run_until_complete
    return future.result()
  File "/opt/hostedtoolcache/Python/3.8.14/x64/lib/python3.8/site-packages/nbclient/client.py", line 663, in async_execute
    await self.async_execute_cell(
  File "/opt/hostedtoolcache/Python/3.8.14/x64/lib/python3.8/site-packages/nbclient/client.py", line 965, in async_execute_cell
    await self._check_raise_for_error(cell, cell_index, exec_reply)
  File "/opt/hostedtoolcache/Python/3.8.14/x64/lib/python3.8/site-packages/nbclient/client.py", line 862, in _check_raise_for_error
    raise CellExecutionError.from_cell_and_msg(cell, exec_reply_content)
nbclient.exceptions.CellExecutionError: An error occurred while executing the following cell:
------------------
import ipywidgets as widgets

pvals = np.arange(0, 11)

def plot_poisson_pmf(lambda_):
    plt.clf()
    plt.stem(pvals, stats.poisson.pmf(pvals, mu=lambda_), use_line_collection=True)
    plt.show()


widgets.interact(
    plot_poisson_pmf,
    alpha=widgets.BoundedFloatText(
        value=5, min=0.2, max=5.1, step=0.1, description="lambda:", disabled=False
    ),
)
------------------

[0;31m---------------------------------------------------------------------------[0m
[0;31mValueError[0m                                Traceback (most recent call last)
Cell [0;32mIn [4], line 11[0m
[1;32m      7[0m     plt[38;5;241m.[39mstem(pvals, stats[38;5;241m.[39mpoisson[38;5;241m.[39mpmf(pvals, mu[38;5;241m=[39mlambda_), use_line_collection[38;5;241m=[39m[38;5;28;01mTrue[39;00m)
[1;32m      8[0m     plt[38;5;241m.[39mshow()
[0;32m---> 11[0m [43mwidgets[49m[38;5;241;43m.[39;49m[43minteract[49m[43m([49m
[1;32m     12[0m [43m    [49m[43mplot_poisson_pmf[49m[43m,[49m
[1;32m     13[0m [43m    [49m[43malpha[49m[38;5;241;43m=[39;49m[43mwidgets[49m[38;5;241;43m.[39;49m[43mBoundedFloatText[49m[43m([49m
[1;32m     14[0m [43m        [49m[43mvalue[49m[38;5;241;43m=[39;49m[38;5;241;43m5[39;49m[43m,[49m[43m [49m[38;5;28;43mmin[39;49m[38;5;241;43m=[39;49m[38;5;241;43m0.2[39;49m[43m,[49m[43m [49m[38;5;28;43mmax[39;49m[38;5;241;43m=[39;49m[38;5;241;43m5.1[39;49m[43m,[49m[43m [49m[43mstep[49m[38;5;241;43m=[39;49m[38;5;241;43m0.1[39;49m[43m,[49m[43m [49m[43mdescription[49m[38;5;241;43m=[39;49m[38;5;124;43m"[39;49m[38;5;124;43mlambda:[39;49m[38;5;124;43m"[39;49m[43m,[49m[43m [49m[43mdisabled[49m[38;5;241;43m=[39;49m[38;5;28;43;01mFalse[39;49;00m
[1;32m     15[0m [43m    [49m[43m)[49m[43m,[49m
[1;32m     16[0m [43m)[49m

File [0;32m/opt/hostedtoolcache/Python/3.8.14/x64/lib/python3.8/site-packages/ipywidgets/widgets/interaction.py:529[0m, in [0;36m_InteractFactory.__call__[0;34m(self, _InteractFactory__interact_f, **kwargs)[0m
[1;32m    521[0m     [38;5;28;01mreturn[39;00m [38;5;28mself[39m
[1;32m    523[0m [38;5;66;03m# positional arg support in: https://gist.github.com/8851331[39;00m
[1;32m    524[0m [38;5;66;03m# Handle the cases 1 and 2[39;00m
[1;32m    525[0m [38;5;66;03m# 1. interact(f, **kwargs)[39;00m
[1;32m    526[0m [38;5;66;03m# 2. @interact[39;00m
[1;32m    527[0m [38;5;66;03m#    def f(*args, **kwargs):[39;00m
[1;32m    528[0m [38;5;66;03m#        ...[39;00m
[0;32m--> 529[0m w [38;5;241m=[39m [38;5;28;43mself[39;49m[38;5;241;43m.[39;49m[43mwidget[49m[43m([49m[43mf[49m[43m)[49m
[1;32m    530[0m [38;5;28;01mtry[39;00m:
[1;32m    531[0m     f[38;5;241m.[39mwidget [38;5;241m=[39m w

File [0;32m/opt/hostedtoolcache/Python/3.8.14/x64/lib/python3.8/site-packages/ipywidgets/widgets/interaction.py:445[0m, in [0;36m_InteractFactory.widget[0;34m(self, f)[0m
[1;32m    429[0m [38;5;28;01mdef[39;00m [38;5;21mwidget[39m([38;5;28mself[39m, f):
[1;32m    430[0m     [38;5;124;03m"""[39;00m
[1;32m    431[0m [38;5;124;03m    Return an interactive function widget for the given function.[39;00m
[1;32m    432[0m 
[0;32m   (...)[0m
[1;32m    443[0m [38;5;124;03m        The function to which the interactive widgets are tied.[39;00m
[1;32m    444[0m [38;5;124;03m    """[39;00m
[0;32m--> 445[0m     [38;5;28;01mreturn[39;00m [38;5;28;43mself[39;49m[38;5;241;43m.[39;49m[43mcls[49m[43m([49m[43mf[49m[43m,[49m[43m [49m[38;5;28;43mself[39;49m[38;5;241;43m.[39;49m[43mopts[49m[43m,[49m[43m [49m[38;5;241;43m*[39;49m[38;5;241;43m*[39;49m[38;5;28;43mself[39;49m[38;5;241;43m.[39;49m[43mkwargs[49m[43m)[49m

File [0;32m/opt/hostedtoolcache/Python/3.8.14/x64/lib/python3.8/site-packages/ipywidgets/widgets/interaction.py:189[0m, in [0;36minteractive.__init__[0;34m(self, _interactive__interact_f, _interactive__options, **kwargs)[0m
[1;32m    186[0m [38;5;28mself[39m[38;5;241m.[39mmanual_name [38;5;241m=[39m __options[38;5;241m.[39mget([38;5;124m"[39m[38;5;124mmanual_name[39m[38;5;124m"[39m, [38;5;124m"[39m[38;5;124mRun Interact[39m[38;5;124m"[39m)
[1;32m    187[0m [38;5;28mself[39m[38;5;241m.[39mauto_display [38;5;241m=[39m __options[38;5;241m.[39mget([38;5;124m"[39m[38;5;124mauto_display[39m[38;5;124m"[39m, [38;5;28;01mFalse[39;00m)
[0;32m--> 189[0m new_kwargs [38;5;241m=[39m [38;5;28;43mself[39;49m[38;5;241;43m.[39;49m[43mfind_abbreviations[49m[43m([49m[43mkwargs[49m[43m)[49m
[1;32m    190[0m [38;5;66;03m# Before we proceed, let's make sure that the user has passed a set of args+kwargs[39;00m
[1;32m    191[0m [38;5;66;03m# that will lead to a valid call of the function. This protects against unspecified[39;00m
[1;32m    192[0m [38;5;66;03m# and doubly-specified arguments.[39;00m
[1;32m    193[0m [38;5;28;01mtry[39;00m:

File [0;32m/opt/hostedtoolcache/Python/3.8.14/x64/lib/python3.8/site-packages/ipywidgets/widgets/interaction.py:289[0m, in [0;36minteractive.find_abbreviations[0;34m(self, kwargs)[0m
[1;32m    287[0m     [38;5;28;01mfor[39;00m name, value, default [38;5;129;01min[39;00m _yield_abbreviations_for_parameter(param, kwargs):
[1;32m    288[0m         [38;5;28;01mif[39;00m value [38;5;129;01mis[39;00m empty:
[0;32m--> 289[0m             [38;5;28;01mraise[39;00m [38;5;167;01mValueError[39;00m([38;5;124m'[39m[38;5;124mcannot find widget or abbreviation for argument: [39m[38;5;132;01m{!r}[39;00m[38;5;124m'[39m[38;5;241m.[39mformat(name))
[1;32m    290[0m         new_kwargs[38;5;241m.[39mappend((name, value, default))
[1;32m    291[0m [38;5;28;01mreturn[39;00m new_kwargs

[0;31mValueError[0m: cannot find widget or abbreviation for argument: 'lambda_'
ValueError: cannot find widget or abbreviation for argument: 'lambda_'

